
ROM used:   972/8192 (12%)
            972/8192 (12%) including unused fragments

            0.7 Average locations per line
            7.0 Average locations per statement

RAM used:   32/368 (9%) at main() level
            49/368 (13%) worst case

Stack used: 6 worst case (5 in main + 1 for interrupts)
Stack size: 8

Lines Stmts  %   Files
----- ----- ---  -----
   91    54  39  DTUD.c
  809     0   0  C:\Program Files (x86)\PICC\Devices\16f887.h
  456    84  61  C:\Program Files (x86)\PICC\Drivers\lcd.c
----- -----
 1356   138 Total

Page ROM  %  RAM    Vol Diff  Functions:
---- --- --- ---    --- ----  ----------
0     20   2    1    596  5.9  @delay_ms1
 Inline         3    596  5.9  lcd_read_byte
0      6   1    0     59  4.2  lcd_read_nibble
0     15   2    1    179  3.3  lcd_send_nibble
0     66   7    3    460  4.7  lcd_send_byte
0     62   6    6    814  7.2  lcd_init
0     18   2    4    208  6.3  lcd_gotoxy
0     44   5    1    354  4.7  lcd_putc
0      7   1    0     13  1.0  interrput_timer0
0     21   2    0     82  3.1  phim_up
0     21   2    0     82  3.1  phim_down
0     28   3    1    197  4.4  phim_start
0    243  25    2   1067  5.8  MAIN
0     21   2    5             @MUL1616
0     39   4    5             @DIV1616
0      1   0    0             @const765
0     88   9    4             @PSTRINGC7_733
0      5   1    0             @const770
0     89   9    5             @PSTRINGCN7_733
0     99  10    9             @PRINTF_LU_733
 Inline         0             @cinit1

Program metrics:
    Functions               13
    Statements              138
    Comments                235
    Volume (V)              7514
    Difficulty (D)          60.2
    Effort to implement (E) 452006
    Time to implement (T)   6 hours, 59 minutes
    Est Delivered Bugs (B)  2
    Cyclomatic Complexity   16
    Maintainability (MI)    114

 Segment     Used  Free
-----------  ----  ----
00000-00003     4  0  
00004-0004E    75  0  
0004F-007FF   893  1076  
00800-00FFF     0  2048  
01000-017FF     0  2048  
01800-01FFF     0  2048  



